<?xml version="1.0" encoding="UTF-8"?><testsuite errors="0" failures="0" name="Payment transfer request scenarios for amount less than 1.000.000 euro, meeting transaction limit criteria." skipped="3" tests="4" time="0.72" timestamp="2020-12-19 01:35:18"><testcase name="Payment transfer request for amount less than 1.000.000 euro is completed successfully"/><testcase name="Payment transfer request meeting limit criteria but lesser available balance on debitor account is rejected."><skipped/></testcase><testcase name="Payment transfer request meeting limit criteria but debitor account is not active."><skipped/></testcase><testcase name="Payment transfer request meeting limit criteria but creditor account is not active."><skipped/></testcase></testsuite>