<?xml version="1.0" encoding="UTF-8"?><testsuite errors="0" failures="0" name="Any system fails to rollback the Transaction status should rollback the transaction to maintain tx consistency." skipped="2" tests="2" time="0.05" timestamp="2020-12-19 01:35:21"><testcase name="Payment transfer request is rolleded back when SystemB fails to respond for debit request after account credit."><skipped/></testcase><testcase name="Payment transfer request is rolleded back when Payment Executor database update fails."><skipped/></testcase></testsuite>